<?xml version="1.0" encoding="UTF-8"?>
<!-- Generated by org.testng.reporters.JUnitXMLReporter -->
<testsuite ignored="0" hostname="NITISH" failures="0" tests="3" name="Default test" time="0.132" errors="0" timestamp="2024-12-29T16:13:19 IST">
  <testcase classname="testingBaba_Wadgets_Tests.Auto_Complete_Tests" name="@BeforeTest getlaunchbrowse" time="-1.7354689993E9">
    <failure type="org.testng.TestNGException" message="
Parameter &amp;apos;browser&amp;apos; is required by BeforeTest on method getlaunchbrowse but has not been marked @Optional or defined
in C:\Users\nitis\AppData\Local\Temp\testng-eclipse--160824110\testng-customsuite.xml">
      <![CDATA[org.testng.TestNGException: 
Parameter 'browser' is required by BeforeTest on method getlaunchbrowse but has not been marked @Optional or defined
in C:\Users\nitis\AppData\Local\Temp\testng-eclipse--160824110\testng-customsuite.xml
at org.testng.internal.Parameters.createParams(Parameters.java:270)
at org.testng.internal.Parameters.createParametersForMethod(Parameters.java:358)
at org.testng.internal.Parameters.createParameters(Parameters.java:700)
at org.testng.internal.Parameters.createConfigurationParameters(Parameters.java:168)
at org.testng.internal.ConfigInvoker.invokeConfigurations(ConfigInvoker.java:302)
at org.testng.TestRunner.invokeTestConfigurations(TestRunner.java:637)
at org.testng.TestRunner.beforeRun(TestRunner.java:627)
at org.testng.TestRunner.run(TestRunner.java:589)
at org.testng.SuiteRunner.runTest(SuiteRunner.java:377)
at org.testng.SuiteRunner.runSequentially(SuiteRunner.java:371)
at org.testng.SuiteRunner.privateRun(SuiteRunner.java:332)
at org.testng.SuiteRunner.run(SuiteRunner.java:276)
at org.testng.SuiteRunnerWorker.runSuite(SuiteRunnerWorker.java:53)
at org.testng.SuiteRunnerWorker.run(SuiteRunnerWorker.java:96)
at org.testng.TestNG.runSuitesSequentially(TestNG.java:1212)
at org.testng.TestNG.runSuitesLocally(TestNG.java:1134)
at org.testng.TestNG.runSuites(TestNG.java:1063)
at org.testng.TestNG.run(TestNG.java:1031)
at org.testng.remote.AbstractRemoteTestNG.run(AbstractRemoteTestNG.java:115)
at org.testng.remote.RemoteTestNG.initAndRun(RemoteTestNG.java:293)
at org.testng.remote.RemoteTestNG.main(RemoteTestNG.java:91)
]]>
    </failure>
  </testcase> <!-- @BeforeTest getlaunchbrowse -->
  <testcase classname="baselibrary.BaseLibrary" name="@AfterMethod resultanalysis" time="-1.735468999396E9">
    <skipped/>
  </testcase> <!-- @AfterMethod resultanalysis -->
  <testcase classname="baselibrary.BaseLibrary" name="@AfterMethod resultanalysis" time="-1.735468999408E9">
    <skipped/>
  </testcase> <!-- @AfterMethod resultanalysis -->
  <testcase classname="baselibrary.BaseLibrary" name="@AfterMethod resultanalysis" time="-1.735468999415E9">
    <skipped/>
  </testcase> <!-- @AfterMethod resultanalysis -->
  <testcase classname="testingBaba_Wadgets_Tests.Auto_Complete_Tests" name="@AfterTest browserclose" time="-1.735468999417E9">
    <skipped/>
  </testcase> <!-- @AfterTest browserclose -->
  <testcase classname="testingBaba_Wadgets_Tests.Auto_Complete_Tests" name="closetowidgets" time="0.0">
    <skipped/>
  </testcase> <!-- closetowidgets -->
  <testcase classname="testingBaba_Wadgets_Tests.Auto_Complete_Tests" name="sendcountry" time="0.0">
    <skipped/>
  </testcase> <!-- sendcountry -->
  <testcase classname="testingBaba_Wadgets_Tests.Auto_Complete_Tests" name="auto" time="0.0">
    <skipped/>
  </testcase> <!-- auto -->
</testsuite> <!-- Default test -->
